# JRE version: OpenJDK Runtime Environment (8.0_152-b01) (build 1.8.0_152-release-915-b01)
# Java VM: OpenJDK 64-Bit Server VM (25.152-b01 mixed mode windows-amd64 compressed oops)
Heap:
 PSYoungGen      total 242176K, used 40410K [0x00000000e0000000, 0x00000000f1a00000, 0x0000000100000000)
  eden space 221696K, 18% used [0x00000000e0000000,0x00000000e2776b58,0x00000000ed880000)
  from space 20480K, 0% used [0x00000000eec00000,0x00000000eec00000,0x00000000f0000000)
  to   space 19968K, 0% used [0x00000000ed880000,0x00000000ed880000,0x00000000eec00000)
 ParOldGen       total 106496K, used 37037K [0x00000000a0000000, 0x00000000a6800000, 0x00000000e0000000)
  object space 106496K, 34% used [0x00000000a0000000,0x00000000a242b778,0x00000000a6800000)
 Metaspace       used 57229K, capacity 59934K, committed 60032K, reserved 1101824K
  class space    used 7789K, capacity 8561K, committed 8576K, reserved 1048576K
GC Heap History (10 events):
Event: 18.969 GC heap before
{Heap before GC invocations=11 (full 2):
 PSYoungGen      total 129024K, used 8851K [0x00000000e0000000, 0x00000000ec780000, 0x0000000100000000)
  eden space 117248K, 0% used [0x00000000e0000000,0x00000000e0000000,0x00000000e7280000)
  from space 11776K, 75% used [0x00000000e7280000,0x00000000e7b24d88,0x00000000e7e00000)
  to   space 12288K, 0% used [0x00000000ebb80000,0x00000000ebb80000,0x00000000ec780000)
 ParOldGen       total 45056K, used 8198K [0x00000000a0000000, 0x00000000a2c00000, 0x00000000e0000000)
  object space 45056K, 18% used [0x00000000a0000000,0x00000000a0801b68,0x00000000a2c00000)
 Metaspace       used 34345K, capacity 35274K, committed 35416K, reserved 1079296K
  class space    used 4687K, capacity 5039K, committed 5120K, reserved 1048576K
Event: 19.086 GC heap after
Heap after GC invocations=11 (full 2):
 PSYoungGen      total 129024K, used 0K [0x00000000e0000000, 0x00000000ec780000, 0x0000000100000000)
  eden space 117248K, 0% used [0x00000000e0000000,0x00000000e0000000,0x00000000e7280000)
  from space 11776K, 0% used [0x00000000e7280000,0x00000000e7280000,0x00000000e7e00000)
  to   space 12288K, 0% used [0x00000000ebb80000,0x00000000ebb80000,0x00000000ec780000)
 ParOldGen       total 66048K, used 16681K [0x00000000a0000000, 0x00000000a4080000, 0x00000000e0000000)
  object space 66048K, 25% used [0x00000000a0000000,0x00000000a104a600,0x00000000a4080000)
 Metaspace       used 34345K, capacity 35274K, committed 35416K, reserved 1079296K
  class space    used 4687K, capacity 5039K, committed 5120K, reserved 1048576K
}
Event: 20.371 GC heap before
{Heap before GC invocations=12 (full 2):
 PSYoungGen      total 129024K, used 117248K [0x00000000e0000000, 0x00000000ec780000, 0x0000000100000000)
  eden space 117248K, 100% used [0x00000000e0000000,0x00000000e7280000,0x00000000e7280000)
  from space 11776K, 0% used [0x00000000e7280000,0x00000000e7280000,0x00000000e7e00000)
  to   space 12288K, 0% used [0x00000000ebb80000,0x00000000ebb80000,0x00000000ec780000)
 ParOldGen       total 66048K, used 16681K [0x00000000a0000000, 0x00000000a4080000, 0x00000000e0000000)
  object space 66048K, 25% used [0x00000000a0000000,0x00000000a104a600,0x00000000a4080000)
 Metaspace       used 42560K, capacity 43754K, committed 44160K, reserved 1087488K
  class space    used 5741K, capacity 6189K, committed 6272K, reserved 1048576K
Event: 20.386 GC heap after
Heap after GC invocations=12 (full 2):
 PSYoungGen      total 174592K, used 12258K [0x00000000e0000000, 0x00000000ec780000, 0x0000000100000000)
  eden space 162304K, 0% used [0x00000000e0000000,0x00000000e0000000,0x00000000e9e80000)
  from space 12288K, 99% used [0x00000000ebb80000,0x00000000ec778958,0x00000000ec780000)
  to   space 14336K, 0% used [0x00000000eab80000,0x00000000eab80000,0x00000000eb980000)
 ParOldGen       total 66048K, used 17791K [0x00000000a0000000, 0x00000000a4080000, 0x00000000e0000000)
  object space 66048K, 26% used [0x00000000a0000000,0x00000000a115fc40,0x00000000a4080000)
 Metaspace       used 42560K, capacity 43754K, committed 44160K, reserved 1087488K
  class space    used 5741K, capacity 6189K, committed 6272K, reserved 1048576K
}
Event: 23.512 GC heap before
{Heap before GC invocations=13 (full 2):
 PSYoungGen      total 174592K, used 174562K [0x00000000e0000000, 0x00000000ec780000, 0x0000000100000000)
  eden space 162304K, 100% used [0x00000000e0000000,0x00000000e9e80000,0x00000000e9e80000)
  from space 12288K, 99% used [0x00000000ebb80000,0x00000000ec778958,0x00000000ec780000)
  to   space 14336K, 0% used [0x00000000eab80000,0x00000000eab80000,0x00000000eb980000)
 ParOldGen       total 66048K, used 17791K [0x00000000a0000000, 0x00000000a4080000, 0x00000000e0000000)
  object space 66048K, 26% used [0x00000000a0000000,0x00000000a115fc40,0x00000000a4080000)
 Metaspace       used 55477K, capacity 57822K, committed 57984K, reserved 1099776K
  class space    used 7495K, capacity 8196K, committed 8320K, reserved 1048576K
Event: 23.541 GC heap after
Heap after GC invocations=13 (full 2):
 PSYoungGen      total 189952K, used 14328K [0x00000000e0000000, 0x00000000f0000000, 0x0000000100000000)
  eden space 175616K, 0% used [0x00000000e0000000,0x00000000e0000000,0x00000000eab80000)
  from space 14336K, 99% used [0x00000000eab80000,0x00000000eb97e268,0x00000000eb980000)
  to   space 20480K, 0% used [0x00000000eec00000,0x00000000eec00000,0x00000000f0000000)
 ParOldGen       total 66048K, used 29329K [0x00000000a0000000, 0x00000000a4080000, 0x00000000e0000000)
  object space 66048K, 44% used [0x00000000a0000000,0x00000000a1ca46d0,0x00000000a4080000)
 Metaspace       used 55477K, capacity 57822K, committed 57984K, reserved 1099776K
  class space    used 7495K, capacity 8196K, committed 8320K, reserved 1048576K
}
Event: 23.980 GC heap before
{Heap before GC invocations=14 (full 2):
 PSYoungGen      total 189952K, used 50690K [0x00000000e0000000, 0x00000000f0000000, 0x0000000100000000)
  eden space 175616K, 20% used [0x00000000e0000000,0x00000000e23828e8,0x00000000eab80000)
  from space 14336K, 99% used [0x00000000eab80000,0x00000000eb97e268,0x00000000eb980000)
  to   space 20480K, 0% used [0x00000000eec00000,0x00000000eec00000,0x00000000f0000000)
 ParOldGen       total 66048K, used 29329K [0x00000000a0000000, 0x00000000a4080000, 0x00000000e0000000)
  object space 66048K, 44% used [0x00000000a0000000,0x00000000a1ca46d0,0x00000000a4080000)
 Metaspace       used 56386K, capacity 58812K, committed 59008K, reserved 1099776K
  class space    used 7629K, capacity 8317K, committed 8320K, reserved 1048576K
Event: 24.007 GC heap after
Heap after GC invocations=14 (full 2):
 PSYoungGen      total 242176K, used 3928K [0x00000000e0000000, 0x00000000f1a00000, 0x0000000100000000)
  eden space 221696K, 0% used [0x00000000e0000000,0x00000000e0000000,0x00000000ed880000)
  from space 20480K, 19% used [0x00000000eec00000,0x00000000eefd61f0,0x00000000f0000000)
  to   space 19968K, 0% used [0x00000000ed880000,0x00000000ed880000,0x00000000eec00000)
 ParOldGen       total 66048K, used 39947K [0x00000000a0000000, 0x00000000a4080000, 0x00000000e0000000)
  object space 66048K, 60% used [0x00000000a0000000,0x00000000a2702e08,0x00000000a4080000)
 Metaspace       used 56386K, capacity 58812K, committed 59008K, reserved 1099776K
  class space    used 7629K, capacity 8317K, committed 8320K, reserved 1048576K
}
Event: 24.007 GC heap before
{Heap before GC invocations=15 (full 3):
 PSYoungGen      total 242176K, used 3928K [0x00000000e0000000, 0x00000000f1a00000, 0x0000000100000000)
  eden space 221696K, 0% used [0x00000000e0000000,0x00000000e0000000,0x00000000ed880000)
  from space 20480K, 19% used [0x00000000eec00000,0x00000000eefd61f0,0x00000000f0000000)
  to   space 19968K, 0% used [0x00000000ed880000,0x00000000ed880000,0x00000000eec00000)
 ParOldGen       total 66048K, used 39947K [0x00000000a0000000, 0x00000000a4080000, 0x00000000e0000000)
  object space 66048K, 60% used [0x00000000a0000000,0x00000000a2702e08,0x00000000a4080000)
 Metaspace       used 56386K, capacity 58812K, committed 59008K, reserved 1099776K
  class space    used 7629K, capacity 8317K, committed 8320K, reserved 1048576K
Event: 24.311 GC heap after
Heap after GC invocations=15 (full 3):
 PSYoungGen      total 242176K, used 0K [0x00000000e0000000, 0x00000000f1a00000, 0x0000000100000000)
  eden space 221696K, 0% used [0x00000000e0000000,0x00000000e0000000,0x00000000ed880000)
  from space 20480K, 0% used [0x00000000eec00000,0x00000000eec00000,0x00000000f0000000)
  to   space 19968K, 0% used [0x00000000ed880000,0x00000000ed880000,0x00000000eec00000)
 ParOldGen       total 106496K, used 37037K [0x00000000a0000000, 0x00000000a6800000, 0x00000000e0000000)
  object space 106496K, 34% used [0x00000000a0000000,0x00000000a242b778,0x00000000a6800000)
 Metaspace       used 56386K, capacity 58812K, committed 59008K, reserved 1099776K
  class space    used 7629K, capacity 8317K, committed 8320K, reserved 1048576K
}

