# JRE version: OpenJDK Runtime Environment (8.0_152-b01) (build 1.8.0_152-release-915-b01)
# Java VM: OpenJDK 64-Bit Server VM (25.152-b01 mixed mode windows-amd64 compressed oops)
Heap:
 PSYoungGen      total 226816K, used 28592K [0x00000000e0000000, 0x00000000f4f00000, 0x0000000100000000)
  eden space 214016K, 7% used [0x00000000e0000000,0x00000000e0f6d7d0,0x00000000ed100000)
  from space 12800K, 99% used [0x00000000ed100000,0x00000000edd7ec20,0x00000000edd80000)
  to   space 17408K, 0% used [0x00000000f3e00000,0x00000000f3e00000,0x00000000f4f00000)
 ParOldGen       total 65536K, used 24219K [0x00000000a0000000, 0x00000000a4000000, 0x00000000e0000000)
  object space 65536K, 36% used [0x00000000a0000000,0x00000000a17a6e18,0x00000000a4000000)
 Metaspace       used 50924K, capacity 52668K, committed 52736K, reserved 1095680K
  class space    used 6894K, capacity 7414K, committed 7424K, reserved 1048576K
GC Heap History (10 events):
Event: 3.260 GC heap before
{Heap before GC invocations=7 (full 1):
 PSYoungGen      total 68608K, used 63385K [0x00000000e0000000, 0x00000000e9100000, 0x0000000100000000)
  eden space 63488K, 99% used [0x00000000e0000000,0x00000000e3de6508,0x00000000e3e00000)
  from space 5120K, 0% used [0x00000000e3e00000,0x00000000e3e00000,0x00000000e4300000)
  to   space 10752K, 0% used [0x00000000e8680000,0x00000000e8680000,0x00000000e9100000)
 ParOldGen       total 47104K, used 6309K [0x00000000a0000000, 0x00000000a2e00000, 0x00000000e0000000)
  object space 47104K, 13% used [0x00000000a0000000,0x00000000a06294d8,0x00000000a2e00000)
 Metaspace       used 25566K, capacity 25978K, committed 26240K, reserved 1071104K
  class space    used 3532K, capacity 3710K, committed 3712K, reserved 1048576K
Event: 3.279 GC heap after
Heap after GC invocations=7 (full 1):
 PSYoungGen      total 124928K, used 6787K [0x00000000e0000000, 0x00000000e8d80000, 0x0000000100000000)
  eden space 117760K, 0% used [0x00000000e0000000,0x00000000e0000000,0x00000000e7300000)
  from space 7168K, 94% used [0x00000000e8680000,0x00000000e8d20e28,0x00000000e8d80000)
  to   space 10240K, 0% used [0x00000000e7980000,0x00000000e7980000,0x00000000e8380000)
 ParOldGen       total 47104K, used 6309K [0x00000000a0000000, 0x00000000a2e00000, 0x00000000e0000000)
  object space 47104K, 13% used [0x00000000a0000000,0x00000000a06294d8,0x00000000a2e00000)
 Metaspace       used 25566K, capacity 25978K, committed 26240K, reserved 1071104K
  class space    used 3532K, capacity 3710K, committed 3712K, reserved 1048576K
}
Event: 5.046 GC heap before
{Heap before GC invocations=8 (full 1):
 PSYoungGen      total 124928K, used 124547K [0x00000000e0000000, 0x00000000e8d80000, 0x0000000100000000)
  eden space 117760K, 100% used [0x00000000e0000000,0x00000000e7300000,0x00000000e7300000)
  from space 7168K, 94% used [0x00000000e8680000,0x00000000e8d20e28,0x00000000e8d80000)
  to   space 10240K, 0% used [0x00000000e7980000,0x00000000e7980000,0x00000000e8380000)
 ParOldGen       total 47104K, used 6309K [0x00000000a0000000, 0x00000000a2e00000, 0x00000000e0000000)
  object space 47104K, 13% used [0x00000000a0000000,0x00000000a06294d8,0x00000000a2e00000)
 Metaspace       used 31732K, capacity 32610K, committed 32896K, reserved 1077248K
  class space    used 4339K, capacity 4684K, committed 4736K, reserved 1048576K
Event: 5.069 GC heap after
Heap after GC invocations=8 (full 1):
 PSYoungGen      total 134656K, used 10220K [0x00000000e0000000, 0x00000000ee980000, 0x0000000100000000)
  eden space 124416K, 0% used [0x00000000e0000000,0x00000000e0000000,0x00000000e7980000)
  from space 10240K, 99% used [0x00000000e7980000,0x00000000e837b190,0x00000000e8380000)
  to   space 12288K, 0% used [0x00000000edd80000,0x00000000edd80000,0x00000000ee980000)
 ParOldGen       total 47104K, used 7199K [0x00000000a0000000, 0x00000000a2e00000, 0x00000000e0000000)
  object space 47104K, 15% used [0x00000000a0000000,0x00000000a0707e28,0x00000000a2e00000)
 Metaspace       used 31732K, capacity 32610K, committed 32896K, reserved 1077248K
  class space    used 4339K, capacity 4684K, committed 4736K, reserved 1048576K
}
Event: 5.408 GC heap before
{Heap before GC invocations=9 (full 1):
 PSYoungGen      total 134656K, used 31357K [0x00000000e0000000, 0x00000000ee980000, 0x0000000100000000)
  eden space 124416K, 16% used [0x00000000e0000000,0x00000000e14a42b0,0x00000000e7980000)
  from space 10240K, 99% used [0x00000000e7980000,0x00000000e837b190,0x00000000e8380000)
  to   space 12288K, 0% used [0x00000000edd80000,0x00000000edd80000,0x00000000ee980000)
 ParOldGen       total 47104K, used 7199K [0x00000000a0000000, 0x00000000a2e00000, 0x00000000e0000000)
  object space 47104K, 15% used [0x00000000a0000000,0x00000000a0707e28,0x00000000a2e00000)
 Metaspace       used 34362K, capacity 35274K, committed 35416K, reserved 1079296K
  class space    used 4685K, capacity 5039K, committed 5120K, reserved 1048576K
Event: 5.423 GC heap after
Heap after GC invocations=9 (full 1):
 PSYoungGen      total 226304K, used 10375K [0x00000000e0000000, 0x00000000ef400000, 0x0000000100000000)
  eden space 214016K, 0% used [0x00000000e0000000,0x00000000e0000000,0x00000000ed100000)
  from space 12288K, 84% used [0x00000000edd80000,0x00000000ee7a1cf0,0x00000000ee980000)
  to   space 12800K, 0% used [0x00000000ed100000,0x00000000ed100000,0x00000000edd80000)
 ParOldGen       total 47104K, used 7279K [0x00000000a0000000, 0x00000000a2e00000, 0x00000000e0000000)
  object space 47104K, 15% used [0x00000000a0000000,0x00000000a071be38,0x00000000a2e00000)
 Metaspace       used 34362K, capacity 35274K, committed 35416K, reserved 1079296K
  class space    used 4685K, capacity 5039K, committed 5120K, reserved 1048576K
}
Event: 5.423 GC heap before
{Heap before GC invocations=10 (full 2):
 PSYoungGen      total 226304K, used 10375K [0x00000000e0000000, 0x00000000ef400000, 0x0000000100000000)
  eden space 214016K, 0% used [0x00000000e0000000,0x00000000e0000000,0x00000000ed100000)
  from space 12288K, 84% used [0x00000000edd80000,0x00000000ee7a1cf0,0x00000000ee980000)
  to   space 12800K, 0% used [0x00000000ed100000,0x00000000ed100000,0x00000000edd80000)
 ParOldGen       total 47104K, used 7279K [0x00000000a0000000, 0x00000000a2e00000, 0x00000000e0000000)
  object space 47104K, 15% used [0x00000000a0000000,0x00000000a071be38,0x00000000a2e00000)
 Metaspace       used 34362K, capacity 35274K, committed 35416K, reserved 1079296K
  class space    used 4685K, capacity 5039K, committed 5120K, reserved 1048576K
Event: 5.500 GC heap after
Heap after GC invocations=10 (full 2):
 PSYoungGen      total 226304K, used 0K [0x00000000e0000000, 0x00000000ef400000, 0x0000000100000000)
  eden space 214016K, 0% used [0x00000000e0000000,0x00000000e0000000,0x00000000ed100000)
  from space 12288K, 0% used [0x00000000edd80000,0x00000000edd80000,0x00000000ee980000)
  to   space 12800K, 0% used [0x00000000ed100000,0x00000000ed100000,0x00000000edd80000)
 ParOldGen       total 65536K, used 16503K [0x00000000a0000000, 0x00000000a4000000, 0x00000000e0000000)
  object space 65536K, 25% used [0x00000000a0000000,0x00000000a101df80,0x00000000a4000000)
 Metaspace       used 34362K, capacity 35274K, committed 35416K, reserved 1079296K
  class space    used 4685K, capacity 5039K, committed 5120K, reserved 1048576K
}
Event: 7.891 GC heap before
{Heap before GC invocations=11 (full 2):
 PSYoungGen      total 226304K, used 214016K [0x00000000e0000000, 0x00000000ef400000, 0x0000000100000000)
  eden space 214016K, 100% used [0x00000000e0000000,0x00000000ed100000,0x00000000ed100000)
  from space 12288K, 0% used [0x00000000edd80000,0x00000000edd80000,0x00000000ee980000)
  to   space 12800K, 0% used [0x00000000ed100000,0x00000000ed100000,0x00000000edd80000)
 ParOldGen       total 65536K, used 16503K [0x00000000a0000000, 0x00000000a4000000, 0x00000000e0000000)
  object space 65536K, 25% used [0x00000000a0000000,0x00000000a101df80,0x00000000a4000000)
 Metaspace       used 50336K, capacity 52016K, committed 52224K, reserved 1093632K
  class space    used 6802K, capacity 7336K, committed 7424K, reserved 1048576K
Event: 7.932 GC heap after
Heap after GC invocations=11 (full 2):
 PSYoungGen      total 226816K, used 12795K [0x00000000e0000000, 0x00000000f4f00000, 0x0000000100000000)
  eden space 214016K, 0% used [0x00000000e0000000,0x00000000e0000000,0x00000000ed100000)
  from space 12800K, 99% used [0x00000000ed100000,0x00000000edd7ec20,0x00000000edd80000)
  to   space 17408K, 0% used [0x00000000f3e00000,0x00000000f3e00000,0x00000000f4f00000)
 ParOldGen       total 65536K, used 24219K [0x00000000a0000000, 0x00000000a4000000, 0x00000000e0000000)
  object space 65536K, 36% used [0x00000000a0000000,0x00000000a17a6e18,0x00000000a4000000)
 Metaspace       used 50336K, capacity 52016K, committed 52224K, reserved 1093632K
  class space    used 6802K, capacity 7336K, committed 7424K, reserved 1048576K
}

