# JRE version: OpenJDK Runtime Environment (8.0_152-b01) (build 1.8.0_152-release-915-b01)
# Java VM: OpenJDK 64-Bit Server VM (25.152-b01 mixed mode windows-amd64 compressed oops)
Heap:
 PSYoungGen      total 354816K, used 251946K [0x00000000e0000000, 0x00000000fce80000, 0x0000000100000000)
  eden space 322560K, 73% used [0x00000000e0000000,0x00000000ee6b19c8,0x00000000f3b00000)
  from space 32256K, 48% used [0x00000000f3b00000,0x00000000f4a590d0,0x00000000f5a80000)
  to   space 55296K, 0% used [0x00000000f9880000,0x00000000f9880000,0x00000000fce80000)
 ParOldGen       total 226816K, used 114694K [0x00000000a0000000, 0x00000000add80000, 0x00000000e0000000)
  object space 226816K, 50% used [0x00000000a0000000,0x00000000a7001908,0x00000000add80000)
 Metaspace       used 81401K, capacity 86644K, committed 86784K, reserved 1124352K
  class space    used 10726K, capacity 11994K, committed 12032K, reserved 1048576K
GC Heap History (10 events):
Event: 27.561 GC heap before
{Heap before GC invocations=17 (full 3):
 PSYoungGen      total 233472K, used 233448K [0x00000000e0000000, 0x00000000f3980000, 0x0000000100000000)
  eden space 212992K, 100% used [0x00000000e0000000,0x00000000ed000000,0x00000000ed000000)
  from space 20480K, 99% used [0x00000000ed000000,0x00000000ee3fa180,0x00000000ee400000)
  to   space 23552K, 0% used [0x00000000f2280000,0x00000000f2280000,0x00000000f3980000)
 ParOldGen       total 115200K, used 46629K [0x00000000a0000000, 0x00000000a7080000, 0x00000000e0000000)
  object space 115200K, 40% used [0x00000000a0000000,0x00000000a2d89478,0x00000000a7080000)
 Metaspace       used 65211K, capacity 69264K, committed 69504K, reserved 1110016K
  class space    used 8741K, capacity 9778K, committed 9856K, reserved 1048576K
Event: 27.611 GC heap after
Heap after GC invocations=17 (full 3):
 PSYoungGen      total 288256K, used 18901K [0x00000000e0000000, 0x00000000f3680000, 0x0000000100000000)
  eden space 267776K, 0% used [0x00000000e0000000,0x00000000e0000000,0x00000000f0580000)
  from space 20480K, 92% used [0x00000000f2280000,0x00000000f34f5538,0x00000000f3680000)
  to   space 25088K, 0% used [0x00000000f0580000,0x00000000f0580000,0x00000000f1e00000)
 ParOldGen       total 115200K, used 65230K [0x00000000a0000000, 0x00000000a7080000, 0x00000000e0000000)
  object space 115200K, 56% used [0x00000000a0000000,0x00000000a3fb3b78,0x00000000a7080000)
 Metaspace       used 65211K, capacity 69264K, committed 69504K, reserved 1110016K
  class space    used 8741K, capacity 9778K, committed 9856K, reserved 1048576K
}
Event: 32.198 GC heap before
{Heap before GC invocations=18 (full 3):
 PSYoungGen      total 288256K, used 286677K [0x00000000e0000000, 0x00000000f3680000, 0x0000000100000000)
  eden space 267776K, 100% used [0x00000000e0000000,0x00000000f0580000,0x00000000f0580000)
  from space 20480K, 92% used [0x00000000f2280000,0x00000000f34f5538,0x00000000f3680000)
  to   space 25088K, 0% used [0x00000000f0580000,0x00000000f0580000,0x00000000f1e00000)
 ParOldGen       total 115200K, used 65230K [0x00000000a0000000, 0x00000000a7080000, 0x00000000e0000000)
  object space 115200K, 56% used [0x00000000a0000000,0x00000000a3fb3b78,0x00000000a7080000)
 Metaspace       used 69669K, capacity 73896K, committed 74240K, reserved 1114112K
  class space    used 9281K, capacity 10386K, committed 10496K, reserved 1048576K
Event: 32.259 GC heap after
Heap after GC invocations=18 (full 3):
 PSYoungGen      total 292864K, used 24624K [0x00000000e0000000, 0x00000000f7c80000, 0x0000000100000000)
  eden space 267776K, 0% used [0x00000000e0000000,0x00000000e0000000,0x00000000f0580000)
  from space 25088K, 98% used [0x00000000f0580000,0x00000000f1d8c060,0x00000000f1e00000)
  to   space 28672K, 0% used [0x00000000f6080000,0x00000000f6080000,0x00000000f7c80000)
 ParOldGen       total 115200K, used 65238K [0x00000000a0000000, 0x00000000a7080000, 0x00000000e0000000)
  object space 115200K, 56% used [0x00000000a0000000,0x00000000a3fb5b78,0x00000000a7080000)
 Metaspace       used 69669K, capacity 73896K, committed 74240K, reserved 1114112K
  class space    used 9281K, capacity 10386K, committed 10496K, reserved 1048576K
}
Event: 633.980 GC heap before
{Heap before GC invocations=19 (full 3):
 PSYoungGen      total 292864K, used 292400K [0x00000000e0000000, 0x00000000f7c80000, 0x0000000100000000)
  eden space 267776K, 100% used [0x00000000e0000000,0x00000000f0580000,0x00000000f0580000)
  from space 25088K, 98% used [0x00000000f0580000,0x00000000f1d8c060,0x00000000f1e00000)
  to   space 28672K, 0% used [0x00000000f6080000,0x00000000f6080000,0x00000000f7c80000)
 ParOldGen       total 115200K, used 65238K [0x00000000a0000000, 0x00000000a7080000, 0x00000000e0000000)
  object space 115200K, 56% used [0x00000000a0000000,0x00000000a3fb5b78,0x00000000a7080000)
 Metaspace       used 72013K, capacity 77194K, committed 77440K, reserved 1116160K
  class space    used 9564K, capacity 10816K, committed 10880K, reserved 1048576K
Event: 634.010 GC heap after
Heap after GC invocations=19 (full 3):
 PSYoungGen      total 347648K, used 25856K [0x00000000e0000000, 0x00000000f7a00000, 0x0000000100000000)
  eden space 321536K, 0% used [0x00000000e0000000,0x00000000e0000000,0x00000000f3a00000)
  from space 26112K, 99% used [0x00000000f6080000,0x00000000f79c0170,0x00000000f7a00000)
  to   space 32256K, 0% used [0x00000000f3b00000,0x00000000f3b00000,0x00000000f5a80000)
 ParOldGen       total 115200K, used 65246K [0x00000000a0000000, 0x00000000a7080000, 0x00000000e0000000)
  object space 115200K, 56% used [0x00000000a0000000,0x00000000a3fb7b78,0x00000000a7080000)
 Metaspace       used 72013K, capacity 77194K, committed 77440K, reserved 1116160K
  class space    used 9564K, capacity 10816K, committed 10880K, reserved 1048576K
}
Event: 645.891 GC heap before
{Heap before GC invocations=20 (full 3):
 PSYoungGen      total 347648K, used 347392K [0x00000000e0000000, 0x00000000f7a00000, 0x0000000100000000)
  eden space 321536K, 100% used [0x00000000e0000000,0x00000000f3a00000,0x00000000f3a00000)
  from space 26112K, 99% used [0x00000000f6080000,0x00000000f79c0170,0x00000000f7a00000)
  to   space 32256K, 0% used [0x00000000f3b00000,0x00000000f3b00000,0x00000000f5a80000)
 ParOldGen       total 115200K, used 65246K [0x00000000a0000000, 0x00000000a7080000, 0x00000000e0000000)
  object space 115200K, 56% used [0x00000000a0000000,0x00000000a3fb7b78,0x00000000a7080000)
 Metaspace       used 77504K, capacity 82698K, committed 82944K, reserved 1120256K
  class space    used 10200K, capacity 11469K, committed 11520K, reserved 1048576K
Event: 646.023 GC heap after
Heap after GC invocations=20 (full 3):
 PSYoungGen      total 354816K, used 32230K [0x00000000e0000000, 0x00000000fce80000, 0x0000000100000000)
  eden space 322560K, 0% used [0x00000000e0000000,0x00000000e0000000,0x00000000f3b00000)
  from space 32256K, 99% used [0x00000000f3b00000,0x00000000f5a79b28,0x00000000f5a80000)
  to   space 55296K, 0% used [0x00000000f9880000,0x00000000f9880000,0x00000000fce80000)
 ParOldGen       total 115200K, used 114909K [0x00000000a0000000, 0x00000000a7080000, 0x00000000e0000000)
  object space 115200K, 99% used [0x00000000a0000000,0x00000000a7037530,0x00000000a7080000)
 Metaspace       used 77504K, capacity 82698K, committed 82944K, reserved 1120256K
  class space    used 10200K, capacity 11469K, committed 11520K, reserved 1048576K
}
Event: 646.023 GC heap before
{Heap before GC invocations=21 (full 4):
 PSYoungGen      total 354816K, used 32230K [0x00000000e0000000, 0x00000000fce80000, 0x0000000100000000)
  eden space 322560K, 0% used [0x00000000e0000000,0x00000000e0000000,0x00000000f3b00000)
  from space 32256K, 99% used [0x00000000f3b00000,0x00000000f5a79b28,0x00000000f5a80000)
  to   space 55296K, 0% used [0x00000000f9880000,0x00000000f9880000,0x00000000fce80000)
 ParOldGen       total 115200K, used 114909K [0x00000000a0000000, 0x00000000a7080000, 0x00000000e0000000)
  object space 115200K, 99% used [0x00000000a0000000,0x00000000a7037530,0x00000000a7080000)
 Metaspace       used 77504K, capacity 82698K, committed 82944K, reserved 1120256K
  class space    used 10200K, capacity 11469K, committed 11520K, reserved 1048576K
Event: 646.855 GC heap after
Heap after GC invocations=21 (full 4):
 PSYoungGen      total 354816K, used 15716K [0x00000000e0000000, 0x00000000fce80000, 0x0000000100000000)
  eden space 322560K, 0% used [0x00000000e0000000,0x00000000e0000000,0x00000000f3b00000)
  from space 32256K, 48% used [0x00000000f3b00000,0x00000000f4a590d0,0x00000000f5a80000)
  to   space 55296K, 0% used [0x00000000f9880000,0x00000000f9880000,0x00000000fce80000)
 ParOldGen       total 226816K, used 114694K [0x00000000a0000000, 0x00000000add80000, 0x00000000e0000000)
  object space 226816K, 50% used [0x00000000a0000000,0x00000000a7001908,0x00000000add80000)
 Metaspace       used 77504K, capacity 82698K, committed 82944K, reserved 1120256K
  class space    used 10200K, capacity 11469K, committed 11520K, reserved 1048576K
}

